[INFO  - 2018-03-26T22:29:11.734Z] GhostDriver - Main - running on port 12686
[INFO  - 2018-03-26T22:29:12.439Z] Session [1bd68c30-3145-11e8-a303-81b3e7f4b8f9] - page.settings - {"XSSAuditingEnabled":false,"javascriptCanCloseWindows":true,"javascriptCanOpenWindows":true,"javascriptEnabled":true,"loadImages":true,"localToRemoteUrlAccessEnabled":false,"userAgent":"Mozilla/5.0 (Macintosh; Intel Mac OS X) AppleWebKit/538.1 (KHTML, like Gecko) PhantomJS/2.1.1 Safari/538.1","webSecurityEnabled":true}
[INFO  - 2018-03-26T22:29:12.439Z] Session [1bd68c30-3145-11e8-a303-81b3e7f4b8f9] - page.customHeaders:  - {}
[INFO  - 2018-03-26T22:29:12.440Z] Session [1bd68c30-3145-11e8-a303-81b3e7f4b8f9] - Session.negotiatedCapabilities - {"browserName":"phantomjs","version":"2.1.1","driverName":"ghostdriver","driverVersion":"1.2.0","platform":"mac-10.11 (El Capitan)-64bit","javascriptEnabled":true,"takesScreenshot":true,"handlesAlerts":false,"databaseEnabled":false,"locationContextEnabled":false,"applicationCacheEnabled":false,"browserConnectionEnabled":false,"cssSelectorsEnabled":true,"webStorageEnabled":false,"rotatable":false,"acceptSslCerts":false,"nativeEvents":true,"proxy":{"proxyType":"direct"}}
[INFO  - 2018-03-26T22:29:12.440Z] SessionManagerReqHand - _postNewSessionCommand - New Session Created: 1bd68c30-3145-11e8-a303-81b3e7f4b8f9
[INFO  - 2018-03-26T22:29:13.104Z] ShutdownReqHand - _handle - About to shutdown
[INFO  - 2018-08-13T14:31:24.365Z] GhostDriver - Main - running on port 15506
[INFO  - 2018-08-13T14:31:24.772Z] Session [8e6840d0-9f05-11e8-a74d-e5dde2096031] - page.settings - {"XSSAuditingEnabled":false,"javascriptCanCloseWindows":true,"javascriptCanOpenWindows":true,"javascriptEnabled":true,"loadImages":true,"localToRemoteUrlAccessEnabled":false,"userAgent":"Mozilla/5.0 (Windows NT 6.1; WOW64) AppleWebKit/538.1 (KHTML, like Gecko) PhantomJS/2.1.1 Safari/538.1","webSecurityEnabled":true}
[INFO  - 2018-08-13T14:31:24.772Z] Session [8e6840d0-9f05-11e8-a74d-e5dde2096031] - page.customHeaders:  - {}
[INFO  - 2018-08-13T14:31:24.772Z] Session [8e6840d0-9f05-11e8-a74d-e5dde2096031] - Session.negotiatedCapabilities - {"browserName":"phantomjs","version":"2.1.1","driverName":"ghostdriver","driverVersion":"1.2.0","platform":"windows-7-32bit","javascriptEnabled":true,"takesScreenshot":true,"handlesAlerts":false,"databaseEnabled":false,"locationContextEnabled":false,"applicationCacheEnabled":false,"browserConnectionEnabled":false,"cssSelectorsEnabled":true,"webStorageEnabled":false,"rotatable":false,"acceptSslCerts":false,"nativeEvents":true,"proxy":{"proxyType":"direct"}}
[INFO  - 2018-08-13T14:31:24.772Z] SessionManagerReqHand - _postNewSessionCommand - New Session Created: 8e6840d0-9f05-11e8-a74d-e5dde2096031
[INFO  - 2018-08-13T14:31:25.505Z] ShutdownReqHand - _handle - About to shutdown
[INFO  - 2018-08-13T14:44:53.223Z] GhostDriver - Main - running on port 10153
[INFO  - 2018-08-13T14:44:53.540Z] Session [70784dc0-9f07-11e8-a82c-8d9663a93cf0] - page.settings - {"XSSAuditingEnabled":false,"javascriptCanCloseWindows":true,"javascriptCanOpenWindows":true,"javascriptEnabled":true,"loadImages":true,"localToRemoteUrlAccessEnabled":false,"userAgent":"Mozilla/5.0 (Windows NT 6.1; WOW64) AppleWebKit/538.1 (KHTML, like Gecko) PhantomJS/2.1.1 Safari/538.1","webSecurityEnabled":true}
[INFO  - 2018-08-13T14:44:53.540Z] Session [70784dc0-9f07-11e8-a82c-8d9663a93cf0] - page.customHeaders:  - {}
[INFO  - 2018-08-13T14:44:53.541Z] Session [70784dc0-9f07-11e8-a82c-8d9663a93cf0] - Session.negotiatedCapabilities - {"browserName":"phantomjs","version":"2.1.1","driverName":"ghostdriver","driverVersion":"1.2.0","platform":"windows-7-32bit","javascriptEnabled":true,"takesScreenshot":true,"handlesAlerts":false,"databaseEnabled":false,"locationContextEnabled":false,"applicationCacheEnabled":false,"browserConnectionEnabled":false,"cssSelectorsEnabled":true,"webStorageEnabled":false,"rotatable":false,"acceptSslCerts":false,"nativeEvents":true,"proxy":{"proxyType":"direct"}}
[INFO  - 2018-08-13T14:44:53.541Z] SessionManagerReqHand - _postNewSessionCommand - New Session Created: 70784dc0-9f07-11e8-a82c-8d9663a93cf0
[INFO  - 2018-08-13T14:44:54.477Z] ShutdownReqHand - _handle - About to shutdown
[INFO  - 2018-08-13T14:46:03.183Z] GhostDriver - Main - running on port 16142
[INFO  - 2018-08-13T14:46:03.574Z] Session [9a362fb0-9f07-11e8-899d-c37ff812e065] - page.settings - {"XSSAuditingEnabled":false,"javascriptCanCloseWindows":true,"javascriptCanOpenWindows":true,"javascriptEnabled":true,"loadImages":true,"localToRemoteUrlAccessEnabled":false,"userAgent":"Mozilla/5.0 (Windows NT 6.1; WOW64) AppleWebKit/538.1 (KHTML, like Gecko) PhantomJS/2.1.1 Safari/538.1","webSecurityEnabled":true}
[INFO  - 2018-08-13T14:46:03.574Z] Session [9a362fb0-9f07-11e8-899d-c37ff812e065] - page.customHeaders:  - {}
[INFO  - 2018-08-13T14:46:03.574Z] Session [9a362fb0-9f07-11e8-899d-c37ff812e065] - Session.negotiatedCapabilities - {"browserName":"phantomjs","version":"2.1.1","driverName":"ghostdriver","driverVersion":"1.2.0","platform":"windows-7-32bit","javascriptEnabled":true,"takesScreenshot":true,"handlesAlerts":false,"databaseEnabled":false,"locationContextEnabled":false,"applicationCacheEnabled":false,"browserConnectionEnabled":false,"cssSelectorsEnabled":true,"webStorageEnabled":false,"rotatable":false,"acceptSslCerts":false,"nativeEvents":true,"proxy":{"proxyType":"direct"}}
[INFO  - 2018-08-13T14:46:03.575Z] SessionManagerReqHand - _postNewSessionCommand - New Session Created: 9a362fb0-9f07-11e8-899d-c37ff812e065
[INFO  - 2018-08-13T14:46:04.520Z] ShutdownReqHand - _handle - About to shutdown
[INFO  - 2018-08-13T14:53:05.073Z] GhostDriver - Main - running on port 24053
[INFO  - 2018-08-13T14:53:05.444Z] Session [95ab0cd0-9f08-11e8-bf05-099126ace906] - page.settings - {"XSSAuditingEnabled":false,"javascriptCanCloseWindows":true,"javascriptCanOpenWindows":true,"javascriptEnabled":true,"loadImages":true,"localToRemoteUrlAccessEnabled":false,"userAgent":"Mozilla/5.0 (Windows NT 6.1; WOW64) AppleWebKit/538.1 (KHTML, like Gecko) PhantomJS/2.1.1 Safari/538.1","webSecurityEnabled":true}
[INFO  - 2018-08-13T14:53:05.444Z] Session [95ab0cd0-9f08-11e8-bf05-099126ace906] - page.customHeaders:  - {}
[INFO  - 2018-08-13T14:53:05.445Z] Session [95ab0cd0-9f08-11e8-bf05-099126ace906] - Session.negotiatedCapabilities - {"browserName":"phantomjs","version":"2.1.1","driverName":"ghostdriver","driverVersion":"1.2.0","platform":"windows-7-32bit","javascriptEnabled":true,"takesScreenshot":true,"handlesAlerts":false,"databaseEnabled":false,"locationContextEnabled":false,"applicationCacheEnabled":false,"browserConnectionEnabled":false,"cssSelectorsEnabled":true,"webStorageEnabled":false,"rotatable":false,"acceptSslCerts":false,"nativeEvents":true,"proxy":{"proxyType":"direct"}}
[INFO  - 2018-08-13T14:53:05.445Z] SessionManagerReqHand - _postNewSessionCommand - New Session Created: 95ab0cd0-9f08-11e8-bf05-099126ace906
[INFO  - 2018-08-13T14:53:06.710Z] ShutdownReqHand - _handle - About to shutdown
[INFO  - 2018-08-13T15:02:23.559Z] GhostDriver - Main - running on port 28989
[INFO  - 2018-08-13T15:02:24.542Z] Session [e2eaa270-9f09-11e8-a0e9-8befb7406da5] - page.settings - {"XSSAuditingEnabled":false,"javascriptCanCloseWindows":true,"javascriptCanOpenWindows":true,"javascriptEnabled":true,"loadImages":true,"localToRemoteUrlAccessEnabled":false,"userAgent":"Mozilla/5.0 (Windows NT 6.1; WOW64) AppleWebKit/538.1 (KHTML, like Gecko) PhantomJS/2.1.1 Safari/538.1","webSecurityEnabled":true}
[INFO  - 2018-08-13T15:02:24.543Z] Session [e2eaa270-9f09-11e8-a0e9-8befb7406da5] - page.customHeaders:  - {}
[INFO  - 2018-08-13T15:02:24.543Z] Session [e2eaa270-9f09-11e8-a0e9-8befb7406da5] - Session.negotiatedCapabilities - {"browserName":"phantomjs","version":"2.1.1","driverName":"ghostdriver","driverVersion":"1.2.0","platform":"windows-7-32bit","javascriptEnabled":true,"takesScreenshot":true,"handlesAlerts":false,"databaseEnabled":false,"locationContextEnabled":false,"applicationCacheEnabled":false,"browserConnectionEnabled":false,"cssSelectorsEnabled":true,"webStorageEnabled":false,"rotatable":false,"acceptSslCerts":false,"nativeEvents":true,"proxy":{"proxyType":"direct"}}
[INFO  - 2018-08-13T15:02:24.543Z] SessionManagerReqHand - _postNewSessionCommand - New Session Created: e2eaa270-9f09-11e8-a0e9-8befb7406da5
[INFO  - 2018-08-13T15:02:27.462Z] ShutdownReqHand - _handle - About to shutdown
[INFO  - 2018-08-13T15:05:12.422Z] GhostDriver - Main - running on port 7089
[INFO  - 2018-08-13T15:05:13.303Z] Session [47815df0-9f0a-11e8-ae58-bf824ed93be7] - page.settings - {"XSSAuditingEnabled":false,"javascriptCanCloseWindows":true,"javascriptCanOpenWindows":true,"javascriptEnabled":true,"loadImages":true,"localToRemoteUrlAccessEnabled":false,"userAgent":"Mozilla/5.0 (Windows NT 6.1; WOW64) AppleWebKit/538.1 (KHTML, like Gecko) PhantomJS/2.1.1 Safari/538.1","webSecurityEnabled":true}
[INFO  - 2018-08-13T15:05:13.303Z] Session [47815df0-9f0a-11e8-ae58-bf824ed93be7] - page.customHeaders:  - {}
[INFO  - 2018-08-13T15:05:13.303Z] Session [47815df0-9f0a-11e8-ae58-bf824ed93be7] - Session.negotiatedCapabilities - {"browserName":"phantomjs","version":"2.1.1","driverName":"ghostdriver","driverVersion":"1.2.0","platform":"windows-7-32bit","javascriptEnabled":true,"takesScreenshot":true,"handlesAlerts":false,"databaseEnabled":false,"locationContextEnabled":false,"applicationCacheEnabled":false,"browserConnectionEnabled":false,"cssSelectorsEnabled":true,"webStorageEnabled":false,"rotatable":false,"acceptSslCerts":false,"nativeEvents":true,"proxy":{"proxyType":"direct"}}
[INFO  - 2018-08-13T15:05:13.303Z] SessionManagerReqHand - _postNewSessionCommand - New Session Created: 47815df0-9f0a-11e8-ae58-bf824ed93be7
[INFO  - 2018-08-13T15:05:27.476Z] ShutdownReqHand - _handle - About to shutdown
[INFO  - 2018-08-13T15:07:24.096Z] GhostDriver - Main - running on port 17909
[INFO  - 2018-08-13T15:07:24.476Z] Session [95b0c740-9f0a-11e8-9c89-958f4400f01a] - page.settings - {"XSSAuditingEnabled":false,"javascriptCanCloseWindows":true,"javascriptCanOpenWindows":true,"javascriptEnabled":true,"loadImages":true,"localToRemoteUrlAccessEnabled":false,"userAgent":"Mozilla/5.0 (Windows NT 6.1; WOW64) AppleWebKit/538.1 (KHTML, like Gecko) PhantomJS/2.1.1 Safari/538.1","webSecurityEnabled":true}
[INFO  - 2018-08-13T15:07:24.476Z] Session [95b0c740-9f0a-11e8-9c89-958f4400f01a] - page.customHeaders:  - {}
[INFO  - 2018-08-13T15:07:24.477Z] Session [95b0c740-9f0a-11e8-9c89-958f4400f01a] - Session.negotiatedCapabilities - {"browserName":"phantomjs","version":"2.1.1","driverName":"ghostdriver","driverVersion":"1.2.0","platform":"windows-7-32bit","javascriptEnabled":true,"takesScreenshot":true,"handlesAlerts":false,"databaseEnabled":false,"locationContextEnabled":false,"applicationCacheEnabled":false,"browserConnectionEnabled":false,"cssSelectorsEnabled":true,"webStorageEnabled":false,"rotatable":false,"acceptSslCerts":false,"nativeEvents":true,"proxy":{"proxyType":"direct"}}
[INFO  - 2018-08-13T15:07:24.477Z] SessionManagerReqHand - _postNewSessionCommand - New Session Created: 95b0c740-9f0a-11e8-9c89-958f4400f01a
[INFO  - 2018-08-13T15:07:26.779Z] ShutdownReqHand - _handle - About to shutdown
[INFO  - 2018-08-13T15:10:17.324Z] GhostDriver - Main - running on port 37412
[INFO  - 2018-08-13T15:10:17.577Z] Session [fcde0c20-9f0a-11e8-941f-b7329fa40060] - page.settings - {"XSSAuditingEnabled":false,"javascriptCanCloseWindows":true,"javascriptCanOpenWindows":true,"javascriptEnabled":true,"loadImages":true,"localToRemoteUrlAccessEnabled":false,"userAgent":"Mozilla/5.0 (Windows NT 6.1; WOW64) AppleWebKit/538.1 (KHTML, like Gecko) PhantomJS/2.1.1 Safari/538.1","webSecurityEnabled":true}
[INFO  - 2018-08-13T15:10:17.577Z] Session [fcde0c20-9f0a-11e8-941f-b7329fa40060] - page.customHeaders:  - {}
[INFO  - 2018-08-13T15:10:17.578Z] Session [fcde0c20-9f0a-11e8-941f-b7329fa40060] - Session.negotiatedCapabilities - {"browserName":"phantomjs","version":"2.1.1","driverName":"ghostdriver","driverVersion":"1.2.0","platform":"windows-7-32bit","javascriptEnabled":true,"takesScreenshot":true,"handlesAlerts":false,"databaseEnabled":false,"locationContextEnabled":false,"applicationCacheEnabled":false,"browserConnectionEnabled":false,"cssSelectorsEnabled":true,"webStorageEnabled":false,"rotatable":false,"acceptSslCerts":false,"nativeEvents":true,"proxy":{"proxyType":"direct"}}
[INFO  - 2018-08-13T15:10:17.578Z] SessionManagerReqHand - _postNewSessionCommand - New Session Created: fcde0c20-9f0a-11e8-941f-b7329fa40060
[INFO  - 2018-08-13T15:10:19.822Z] ShutdownReqHand - _handle - About to shutdown
[INFO  - 2018-08-13T15:11:23.411Z] GhostDriver - Main - running on port 38079
[INFO  - 2018-08-13T15:11:23.881Z] Session [24633c20-9f0b-11e8-8ecf-2d778dc97fb0] - page.settings - {"XSSAuditingEnabled":false,"javascriptCanCloseWindows":true,"javascriptCanOpenWindows":true,"javascriptEnabled":true,"loadImages":true,"localToRemoteUrlAccessEnabled":false,"userAgent":"Mozilla/5.0 (Windows NT 6.1; WOW64) AppleWebKit/538.1 (KHTML, like Gecko) PhantomJS/2.1.1 Safari/538.1","webSecurityEnabled":true}
[INFO  - 2018-08-13T15:11:23.882Z] Session [24633c20-9f0b-11e8-8ecf-2d778dc97fb0] - page.customHeaders:  - {}
[INFO  - 2018-08-13T15:11:23.882Z] Session [24633c20-9f0b-11e8-8ecf-2d778dc97fb0] - Session.negotiatedCapabilities - {"browserName":"phantomjs","version":"2.1.1","driverName":"ghostdriver","driverVersion":"1.2.0","platform":"windows-7-32bit","javascriptEnabled":true,"takesScreenshot":true,"handlesAlerts":false,"databaseEnabled":false,"locationContextEnabled":false,"applicationCacheEnabled":false,"browserConnectionEnabled":false,"cssSelectorsEnabled":true,"webStorageEnabled":false,"rotatable":false,"acceptSslCerts":false,"nativeEvents":true,"proxy":{"proxyType":"direct"}}
[INFO  - 2018-08-13T15:11:23.882Z] SessionManagerReqHand - _postNewSessionCommand - New Session Created: 24633c20-9f0b-11e8-8ecf-2d778dc97fb0
[INFO  - 2018-08-13T15:11:26.041Z] ShutdownReqHand - _handle - About to shutdown
[INFO  - 2018-08-13T15:13:48.154Z] GhostDriver - Main - running on port 38295
[INFO  - 2018-08-13T15:13:48.537Z] Session [7a9bfd20-9f0b-11e8-aad0-8750e2f39933] - page.settings - {"XSSAuditingEnabled":false,"javascriptCanCloseWindows":true,"javascriptCanOpenWindows":true,"javascriptEnabled":true,"loadImages":true,"localToRemoteUrlAccessEnabled":false,"userAgent":"Mozilla/5.0 (Windows NT 6.1; WOW64) AppleWebKit/538.1 (KHTML, like Gecko) PhantomJS/2.1.1 Safari/538.1","webSecurityEnabled":true}
[INFO  - 2018-08-13T15:13:48.537Z] Session [7a9bfd20-9f0b-11e8-aad0-8750e2f39933] - page.customHeaders:  - {}
[INFO  - 2018-08-13T15:13:48.537Z] Session [7a9bfd20-9f0b-11e8-aad0-8750e2f39933] - Session.negotiatedCapabilities - {"browserName":"phantomjs","version":"2.1.1","driverName":"ghostdriver","driverVersion":"1.2.0","platform":"windows-7-32bit","javascriptEnabled":true,"takesScreenshot":true,"handlesAlerts":false,"databaseEnabled":false,"locationContextEnabled":false,"applicationCacheEnabled":false,"browserConnectionEnabled":false,"cssSelectorsEnabled":true,"webStorageEnabled":false,"rotatable":false,"acceptSslCerts":false,"nativeEvents":true,"proxy":{"proxyType":"direct"}}
[INFO  - 2018-08-13T15:13:48.537Z] SessionManagerReqHand - _postNewSessionCommand - New Session Created: 7a9bfd20-9f0b-11e8-aad0-8750e2f39933
[INFO  - 2018-08-13T15:13:50.599Z] ShutdownReqHand - _handle - About to shutdown
[INFO  - 2018-08-13T19:42:48.075Z] GhostDriver - Main - running on port 8753
[INFO  - 2018-08-13T19:42:48.419Z] Session [0eba89c0-9f31-11e8-a988-853e53e9a484] - page.settings - {"XSSAuditingEnabled":false,"javascriptCanCloseWindows":true,"javascriptCanOpenWindows":true,"javascriptEnabled":true,"loadImages":true,"localToRemoteUrlAccessEnabled":false,"userAgent":"Mozilla/5.0 (Windows NT 6.1; WOW64) AppleWebKit/538.1 (KHTML, like Gecko) PhantomJS/2.1.1 Safari/538.1","webSecurityEnabled":true}
[INFO  - 2018-08-13T19:42:48.419Z] Session [0eba89c0-9f31-11e8-a988-853e53e9a484] - page.customHeaders:  - {}
[INFO  - 2018-08-13T19:42:48.419Z] Session [0eba89c0-9f31-11e8-a988-853e53e9a484] - Session.negotiatedCapabilities - {"browserName":"phantomjs","version":"2.1.1","driverName":"ghostdriver","driverVersion":"1.2.0","platform":"windows-7-32bit","javascriptEnabled":true,"takesScreenshot":true,"handlesAlerts":false,"databaseEnabled":false,"locationContextEnabled":false,"applicationCacheEnabled":false,"browserConnectionEnabled":false,"cssSelectorsEnabled":true,"webStorageEnabled":false,"rotatable":false,"acceptSslCerts":false,"nativeEvents":true,"proxy":{"proxyType":"direct"}}
[INFO  - 2018-08-13T19:42:48.420Z] SessionManagerReqHand - _postNewSessionCommand - New Session Created: 0eba89c0-9f31-11e8-a988-853e53e9a484
[INFO  - 2018-08-13T19:42:51.445Z] ShutdownReqHand - _handle - About to shutdown
